TN:
SF:nodes/ToolHttpRequestAny/n8nTool.ts
FN:13,(anonymous_0)
FNF:1
FNH:1
FNDA:16,(anonymous_0)
DA:1,1
DA:12,1
DA:14,16
LF:3
LH:3
BRF:0
BRH:0
end_of_record
TN:
SF:nodes/ToolHttpRequestAny/utils.ts
FN:28,(anonymous_9)
FN:35,(anonymous_10)
FN:48,(anonymous_11)
FN:58,(anonymous_12)
FN:68,(anonymous_13)
FN:86,(anonymous_14)
FN:92,(anonymous_15)
FN:104,(anonymous_16)
FN:107,(anonymous_17)
FN:112,(anonymous_18)
FN:123,(anonymous_19)
FN:129,(anonymous_20)
FN:140,isBinary
FN:159,(anonymous_22)
FN:172,(anonymous_23)
FN:173,(anonymous_24)
FN:177,(anonymous_25)
FN:190,(anonymous_26)
FN:198,(anonymous_27)
FN:227,(anonymous_28)
FN:228,(anonymous_29)
FN:258,(anonymous_30)
FN:259,(anonymous_31)
FN:290,(anonymous_32)
FN:305,(anonymous_33)
FN:337,(anonymous_34)
FN:366,(anonymous_35)
FN:379,(anonymous_36)
FN:391,(anonymous_37)
FN:402,(anonymous_38)
FN:409,prepareParameters
FN:438,(anonymous_40)
FN:482,(anonymous_41)
FN:546,(anonymous_42)
FN:549,(anonymous_43)
FN:554,(anonymous_44)
FN:571,(anonymous_45)
FN:580,(anonymous_46)
FN:797,makeParameterZodSchema
FN:823,makeToolInputSchema
FN:824,(anonymous_49)
FNF:41
FNH:27
FNDA:1,(anonymous_9)
FNDA:1,(anonymous_10)
FNDA:0,(anonymous_11)
FNDA:0,(anonymous_12)
FNDA:0,(anonymous_13)
FNDA:0,(anonymous_14)
FNDA:0,(anonymous_15)
FNDA:1,(anonymous_16)
FNDA:1,(anonymous_17)
FNDA:17,(anonymous_18)
FNDA:14,(anonymous_19)
FNDA:12,(anonymous_20)
FNDA:15,isBinary
FNDA:1,(anonymous_22)
FNDA:0,(anonymous_23)
FNDA:0,(anonymous_24)
FNDA:1,(anonymous_25)
FNDA:1,(anonymous_26)
FNDA:0,(anonymous_27)
FNDA:0,(anonymous_28)
FNDA:0,(anonymous_29)
FNDA:0,(anonymous_30)
FNDA:0,(anonymous_31)
FNDA:0,(anonymous_32)
FNDA:0,(anonymous_33)
FNDA:17,(anonymous_34)
FNDA:22,(anonymous_35)
FNDA:22,(anonymous_36)
FNDA:6,(anonymous_37)
FNDA:2,(anonymous_38)
FNDA:12,prepareParameters
FNDA:11,(anonymous_40)
FNDA:7,(anonymous_41)
FNDA:7,(anonymous_42)
FNDA:9,(anonymous_43)
FNDA:16,(anonymous_44)
FNDA:16,(anonymous_45)
FNDA:16,(anonymous_46)
FNDA:9,makeParameterZodSchema
FNDA:16,makeToolInputSchema
FNDA:9,(anonymous_49)
DA:1,1
DA:2,1
DA:3,1
DA:4,1
DA:5,1
DA:6,1
DA:15,1
DA:28,1
DA:29,1
DA:31,1
DA:32,1
DA:33,1
DA:35,1
DA:36,1
DA:41,1
DA:45,0
DA:46,0
DA:48,0
DA:49,0
DA:50,0
DA:51,0
DA:55,0
DA:56,0
DA:58,0
DA:59,0
DA:60,0
DA:61,0
DA:65,0
DA:66,0
DA:68,0
DA:69,0
DA:72,0
DA:73,0
DA:75,0
DA:76,0
DA:78,0
DA:79,0
DA:81,0
DA:85,0
DA:86,0
DA:87,0
DA:91,0
DA:92,0
DA:93,0
DA:99,0
DA:104,1
DA:105,1
DA:107,1
DA:108,1
DA:112,1
DA:117,17
DA:119,1
DA:121,1
DA:123,15
DA:124,14
DA:129,1
DA:130,12
DA:131,12
DA:133,0
DA:134,0
DA:137,0
DA:142,15
DA:143,1
DA:147,14
DA:149,14
DA:150,1
DA:152,13
DA:156,0
DA:159,1
DA:160,1
DA:161,1
DA:162,1
DA:164,1
DA:165,0
DA:169,0
DA:170,0
DA:172,0
DA:173,0
DA:177,1
DA:178,1
DA:179,0
DA:185,1
DA:187,1
DA:188,1
DA:190,1
DA:191,1
DA:193,1
DA:196,0
DA:197,0
DA:198,0
DA:205,0
DA:208,1
DA:214,1
DA:217,1
DA:219,1
DA:220,0
DA:223,1
DA:227,1
DA:228,0
DA:229,0
DA:230,0
DA:231,0
DA:235,0
DA:236,0
DA:243,0
DA:244,0
DA:248,0
DA:250,0
DA:251,0
DA:254,0
DA:258,1
DA:259,0
DA:260,0
DA:262,0
DA:263,0
DA:266,0
DA:267,0
DA:274,0
DA:275,0
DA:277,0
DA:278,0
DA:279,0
DA:280,0
DA:281,0
DA:283,0
DA:286,0
DA:289,0
DA:290,0
DA:294,0
DA:299,0
DA:301,0
DA:302,0
DA:304,0
DA:305,0
DA:308,0
DA:311,0
DA:312,0
DA:313,0
DA:315,0
DA:316,0
DA:319,0
DA:323,0
DA:324,0
DA:325,0
DA:326,0
DA:329,0
DA:333,0
DA:337,1
DA:338,17
DA:340,17
DA:341,1
DA:346,1
DA:347,1
DA:349,1
DA:350,0
DA:353,1
DA:355,1
DA:357,0
DA:359,0
DA:363,16
DA:366,1
DA:367,22
DA:368,22
DA:370,22
DA:372,22
DA:373,6
DA:376,22
DA:379,1
DA:385,22
DA:387,22
DA:389,22
DA:390,5
DA:391,6
DA:401,5
DA:402,2
DA:406,17
DA:417,12
DA:418,12
DA:420,12
DA:421,0
DA:435,12
DA:436,10
DA:437,13
DA:438,11
DA:440,9
DA:446,9
DA:447,9
DA:448,9
DA:451,9
DA:452,4
DA:453,4
DA:455,3
DA:459,4
DA:464,12
DA:465,2
DA:470,12
DA:476,1
DA:482,1
DA:505,7
DA:507,7
DA:513,7
DA:515,7
DA:516,2
DA:522,5
DA:529,7
DA:538,7
DA:540,7
DA:546,1
DA:547,7
DA:550,9
DA:554,1
DA:558,16
DA:560,16
DA:561,7
DA:568,16
DA:571,1
DA:580,16
DA:581,16
DA:584,16
DA:585,16
DA:587,16
DA:588,16
DA:590,16
DA:591,9
DA:594,16
DA:595,16
DA:598,16
DA:599,9
DA:600,9
DA:602,0
DA:603,0
DA:605,0
DA:613,7
DA:616,16
DA:617,9
DA:621,0
DA:629,16
DA:630,9
DA:632,9
DA:638,0
DA:639,0
DA:641,0
DA:651,9
DA:652,4
DA:655,4
DA:657,4
DA:658,4
DA:661,5
DA:662,0
DA:663,0
DA:666,5
DA:668,2
DA:669,2
DA:670,2
DA:674,0
DA:678,2
DA:679,0
DA:682,2
DA:685,2
DA:688,3
DA:689,0
DA:691,0
DA:692,0
DA:698,0
DA:699,0
DA:702,3
DA:705,16
DA:706,48
DA:708,2
DA:709,2
DA:711,0
DA:712,0
DA:713,0
DA:718,0
DA:720,0
DA:726,2
DA:731,16
DA:732,16
DA:734,16
DA:735,0
DA:737,16
DA:738,13
DA:740,16
DA:741,14
DA:745,0
DA:747,0
DA:748,0
DA:750,0
DA:755,0
DA:758,16
DA:759,16
DA:760,16
DA:762,1
DA:763,1
DA:766,16
DA:767,15
DA:769,15
DA:770,2
DA:773,13
DA:775,2
DA:780,16
DA:781,0
DA:784,0
DA:787,16
DA:788,0
DA:790,16
DA:793,16
DA:800,9
DA:801,9
DA:802,0
DA:803,0
DA:804,0
DA:805,0
DA:806,0
DA:807,0
DA:809,0
DA:812,9
DA:813,0
DA:816,9
DA:817,9
DA:820,9
DA:823,1
DA:824,16
DA:829,16
LF:324
LH:189
BRDA:31,0,0,1
BRDA:31,1,0,1
BRDA:31,1,1,0
BRDA:33,2,0,0
BRDA:33,2,1,1
BRDA:45,3,0,0
BRDA:49,4,0,0
BRDA:55,5,0,0
BRDA:59,6,0,0
BRDA:65,7,0,0
BRDA:69,8,0,0
BRDA:69,8,1,0
BRDA:72,9,0,0
BRDA:75,10,0,0
BRDA:78,11,0,0
BRDA:85,12,0,0
BRDA:91,13,0,0
BRDA:117,14,0,1
BRDA:117,14,1,1
BRDA:117,14,2,15
BRDA:130,15,0,12
BRDA:133,16,0,0
BRDA:142,17,0,1
BRDA:147,18,0,14
BRDA:149,19,0,1
BRDA:164,20,0,0
BRDA:169,21,0,0
BRDA:178,22,0,0
BRDA:191,23,0,1
BRDA:191,23,1,0
BRDA:193,24,0,0
BRDA:196,25,0,0
BRDA:196,26,0,0
BRDA:196,26,1,0
BRDA:196,27,0,0
BRDA:196,27,1,0
BRDA:219,28,0,0
BRDA:219,29,0,1
BRDA:219,29,1,0
BRDA:229,30,0,0
BRDA:235,31,0,0
BRDA:248,32,0,0
BRDA:248,32,1,0
BRDA:248,33,0,0
BRDA:248,33,1,0
BRDA:248,34,0,0
BRDA:248,34,1,0
BRDA:250,35,0,0
BRDA:250,36,0,0
BRDA:250,36,1,0
BRDA:262,37,0,0
BRDA:266,38,0,0
BRDA:266,39,0,0
BRDA:266,39,1,0
BRDA:277,40,0,0
BRDA:277,40,1,0
BRDA:278,41,0,0
BRDA:278,41,1,0
BRDA:280,42,0,0
BRDA:280,42,1,0
BRDA:289,43,0,0
BRDA:301,44,0,0
BRDA:301,44,1,0
BRDA:304,45,0,0
BRDA:311,46,0,0
BRDA:323,47,0,0
BRDA:340,48,0,1
BRDA:349,49,0,0
BRDA:353,50,0,1
BRDA:353,50,1,0
BRDA:353,50,2,0
BRDA:385,51,0,0
BRDA:389,52,0,5
BRDA:401,53,0,2
BRDA:401,53,1,3
BRDA:420,54,0,0
BRDA:435,55,0,10
BRDA:437,56,0,9
BRDA:437,56,1,4
BRDA:446,57,0,9
BRDA:452,58,0,4
BRDA:453,59,0,3
BRDA:464,60,0,2
BRDA:464,61,0,12
BRDA:464,61,1,2
BRDA:515,62,0,2
BRDA:515,62,1,5
BRDA:550,63,0,9
BRDA:550,63,1,0
BRDA:550,64,0,9
BRDA:550,64,1,9
BRDA:550,65,0,9
BRDA:550,65,1,0
BRDA:550,66,0,9
BRDA:550,66,1,9
BRDA:560,67,0,7
BRDA:590,68,0,9
BRDA:595,69,0,16
BRDA:598,70,0,9
BRDA:598,70,1,7
BRDA:602,71,0,0
BRDA:602,71,1,0
BRDA:617,72,0,0
BRDA:618,73,0,9
BRDA:618,73,1,9
BRDA:618,73,2,9
BRDA:632,74,0,0
BRDA:633,75,0,9
BRDA:633,75,1,9
BRDA:633,75,2,0
BRDA:633,75,3,0
BRDA:635,76,0,0
BRDA:635,76,1,0
BRDA:635,77,0,0
BRDA:635,77,1,0
BRDA:651,78,0,4
BRDA:661,79,0,0
BRDA:666,80,0,2
BRDA:666,81,0,2
BRDA:666,81,1,3
BRDA:666,82,0,5
BRDA:666,82,1,5
BRDA:668,83,0,2
BRDA:670,84,0,0
BRDA:671,85,0,2
BRDA:671,85,1,2
BRDA:678,86,0,0
BRDA:688,87,0,0
BRDA:691,88,0,0
BRDA:706,89,0,2
BRDA:731,90,0,16
BRDA:734,91,0,0
BRDA:734,92,0,16
BRDA:734,92,1,16
BRDA:737,93,0,13
BRDA:737,94,0,16
BRDA:737,94,1,16
BRDA:740,95,0,14
BRDA:740,96,0,16
BRDA:740,96,1,16
BRDA:747,97,0,0
BRDA:747,97,1,0
BRDA:758,98,0,16
BRDA:763,99,0,1
BRDA:763,99,1,0
BRDA:766,100,0,15
BRDA:769,101,0,2
BRDA:769,102,0,15
BRDA:769,102,1,15
BRDA:773,103,0,13
BRDA:773,103,1,0
BRDA:773,104,0,13
BRDA:773,104,1,13
BRDA:780,105,0,0
BRDA:787,106,0,0
BRDA:787,106,1,16
BRDA:800,107,0,9
BRDA:800,107,1,0
BRDA:802,108,0,0
BRDA:802,108,1,0
BRDA:804,109,0,0
BRDA:804,109,1,0
BRDA:806,110,0,0
BRDA:806,110,1,0
BRDA:812,111,0,0
BRDA:816,112,0,9
BRF:166
BRH:75
end_of_record
